# JRE version: OpenJDK Runtime Environment (8.0_152-b06) (build 1.8.0_152-release-1136-b06)
# Java VM: OpenJDK 64-Bit Server VM (25.152-b06 mixed mode windows-amd64 compressed oops)
Heap:
 PSYoungGen      total 258048K, used 39016K [0x00000000eab00000, 0x00000000ff580000, 0x0000000100000000)
  eden space 178176K, 12% used [0x00000000eab00000,0x00000000ec106290,0x00000000f5900000)
  from space 79872K, 20% used [0x00000000f5900000,0x00000000f6914080,0x00000000fa700000)
  to   space 74752K, 0% used [0x00000000fac80000,0x00000000fac80000,0x00000000ff580000)
 ParOldGen       total 213504K, used 118830K [0x00000000c0000000, 0x00000000cd080000, 0x00000000eab00000)
  object space 213504K, 55% used [0x00000000c0000000,0x00000000c740bb40,0x00000000cd080000)
 Metaspace       used 93473K, capacity 99582K, committed 99840K, reserved 1136640K
  class space    used 11877K, capacity 13305K, committed 13312K, reserved 1048576K
GC Heap History (10 events):
Event: 2063.021 GC heap before
{Heap before GC invocations=37 (full 4):
 PSYoungGen      total 253952K, used 163070K [0x00000000eab00000, 0x0000000100000000, 0x0000000100000000)
  eden space 160256K, 100% used [0x00000000eab00000,0x00000000f4780000,0x00000000f4780000)
  from space 93696K, 3% used [0x00000000fa180000,0x00000000fa43fbf8,0x00000000ffd00000)
  to   space 92160K, 0% used [0x00000000f4780000,0x00000000f4780000,0x00000000fa180000)
 ParOldGen       total 213504K, used 110762K [0x00000000c0000000, 0x00000000cd080000, 0x00000000eab00000)
  object space 213504K, 51% used [0x00000000c0000000,0x00000000c6c2a938,0x00000000cd080000)
 Metaspace       used 90358K, capacity 94768K, committed 96000K, reserved 1132544K
  class space    used 11502K, capacity 12474K, committed 12800K, reserved 1048576K
Event: 2063.054 GC heap after
Heap after GC invocations=37 (full 4):
 PSYoungGen      total 252416K, used 112K [0x00000000eab00000, 0x00000000ffa80000, 0x0000000100000000)
  eden space 160256K, 0% used [0x00000000eab00000,0x00000000eab00000,0x00000000f4780000)
  from space 92160K, 0% used [0x00000000f4780000,0x00000000f479c010,0x00000000fa180000)
  to   space 90112K, 0% used [0x00000000fa280000,0x00000000fa280000,0x00000000ffa80000)
 ParOldGen       total 213504K, used 113095K [0x00000000c0000000, 0x00000000cd080000, 0x00000000eab00000)
  object space 213504K, 52% used [0x00000000c0000000,0x00000000c6e71f40,0x00000000cd080000)
 Metaspace       used 90358K, capacity 94768K, committed 96000K, reserved 1132544K
  class space    used 11502K, capacity 12474K, committed 12800K, reserved 1048576K
}
Event: 3799.553 GC heap before
{Heap before GC invocations=38 (full 4):
 PSYoungGen      total 252416K, used 160368K [0x00000000eab00000, 0x00000000ffa80000, 0x0000000100000000)
  eden space 160256K, 100% used [0x00000000eab00000,0x00000000f4780000,0x00000000f4780000)
  from space 92160K, 0% used [0x00000000f4780000,0x00000000f479c010,0x00000000fa180000)
  to   space 90112K, 0% used [0x00000000fa280000,0x00000000fa280000,0x00000000ffa80000)
 ParOldGen       total 213504K, used 113095K [0x00000000c0000000, 0x00000000cd080000, 0x00000000eab00000)
  object space 213504K, 52% used [0x00000000c0000000,0x00000000c6e71f40,0x00000000cd080000)
 Metaspace       used 91196K, capacity 96032K, committed 96896K, reserved 1132544K
  class space    used 11626K, capacity 12732K, committed 12928K, reserved 1048576K
Event: 3799.685 GC heap after
Heap after GC invocations=38 (full 4):
 PSYoungGen      total 253952K, used 5495K [0x00000000eab00000, 0x00000000ff800000, 0x0000000100000000)
  eden space 166400K, 0% used [0x00000000eab00000,0x00000000eab00000,0x00000000f4d80000)
  from space 87552K, 6% used [0x00000000fa280000,0x00000000fa7dde48,0x00000000ff800000)
  to   space 87040K, 0% used [0x00000000f4d80000,0x00000000f4d80000,0x00000000fa280000)
 ParOldGen       total 213504K, used 113128K [0x00000000c0000000, 0x00000000cd080000, 0x00000000eab00000)
  object space 213504K, 52% used [0x00000000c0000000,0x00000000c6e7a110,0x00000000cd080000)
 Metaspace       used 91196K, capacity 96032K, committed 96896K, reserved 1132544K
  class space    used 11626K, capacity 12732K, committed 12928K, reserved 1048576K
}
Event: 3910.698 GC heap before
{Heap before GC invocations=39 (full 4):
 PSYoungGen      total 253952K, used 171895K [0x00000000eab00000, 0x00000000ff800000, 0x0000000100000000)
  eden space 166400K, 100% used [0x00000000eab00000,0x00000000f4d80000,0x00000000f4d80000)
  from space 87552K, 6% used [0x00000000fa280000,0x00000000fa7dde48,0x00000000ff800000)
  to   space 87040K, 0% used [0x00000000f4d80000,0x00000000f4d80000,0x00000000fa280000)
 ParOldGen       total 213504K, used 113128K [0x00000000c0000000, 0x00000000cd080000, 0x00000000eab00000)
  object space 213504K, 52% used [0x00000000c0000000,0x00000000c6e7a110,0x00000000cd080000)
 Metaspace       used 92058K, capacity 97476K, committed 97920K, reserved 1134592K
  class space    used 11728K, capacity 12999K, committed 13184K, reserved 1048576K
Event: 3910.750 GC heap after
Heap after GC invocations=39 (full 4):
 PSYoungGen      total 253440K, used 5440K [0x00000000eab00000, 0x00000000ff880000, 0x0000000100000000)
  eden space 166400K, 0% used [0x00000000eab00000,0x00000000eab00000,0x00000000f4d80000)
  from space 87040K, 6% used [0x00000000f4d80000,0x00000000f52d0030,0x00000000fa280000)
  to   space 83456K, 0% used [0x00000000fa700000,0x00000000fa700000,0x00000000ff880000)
 ParOldGen       total 213504K, used 115211K [0x00000000c0000000, 0x00000000cd080000, 0x00000000eab00000)
  object space 213504K, 53% used [0x00000000c0000000,0x00000000c7082ff0,0x00000000cd080000)
 Metaspace       used 92058K, capacity 97476K, committed 97920K, reserved 1134592K
  class space    used 11728K, capacity 12999K, committed 13184K, reserved 1048576K
}
Event: 4089.490 GC heap before
{Heap before GC invocations=40 (full 4):
 PSYoungGen      total 253440K, used 171840K [0x00000000eab00000, 0x00000000ff880000, 0x0000000100000000)
  eden space 166400K, 100% used [0x00000000eab00000,0x00000000f4d80000,0x00000000f4d80000)
  from space 87040K, 6% used [0x00000000f4d80000,0x00000000f52d0030,0x00000000fa280000)
  to   space 83456K, 0% used [0x00000000fa700000,0x00000000fa700000,0x00000000ff880000)
 ParOldGen       total 213504K, used 115211K [0x00000000c0000000, 0x00000000cd080000, 0x00000000eab00000)
  object space 213504K, 53% used [0x00000000c0000000,0x00000000c7082ff0,0x00000000cd080000)
 Metaspace       used 93041K, capacity 98942K, committed 99072K, reserved 1134592K
  class space    used 11848K, capacity 13263K, committed 13312K, reserved 1048576K
Event: 4089.517 GC heap after
Heap after GC invocations=40 (full 4):
 PSYoungGen      total 258560K, used 4352K [0x00000000eab00000, 0x00000000ff580000, 0x0000000100000000)
  eden space 178176K, 0% used [0x00000000eab00000,0x00000000eab00000,0x00000000f5900000)
  from space 80384K, 5% used [0x00000000fa700000,0x00000000fab40020,0x00000000ff580000)
  to   space 79872K, 0% used [0x00000000f5900000,0x00000000f5900000,0x00000000fa700000)
 ParOldGen       total 213504K, used 118052K [0x00000000c0000000, 0x00000000cd080000, 0x00000000eab00000)
  object space 213504K, 55% used [0x00000000c0000000,0x00000000c7349150,0x00000000cd080000)
 Metaspace       used 93041K, capacity 98942K, committed 99072K, reserved 1134592K
  class space    used 11848K, capacity 13263K, committed 13312K, reserved 1048576K
}
Event: 4299.396 GC heap before
{Heap before GC invocations=41 (full 4):
 PSYoungGen      total 258560K, used 182528K [0x00000000eab00000, 0x00000000ff580000, 0x0000000100000000)
  eden space 178176K, 100% used [0x00000000eab00000,0x00000000f5900000,0x00000000f5900000)
  from space 80384K, 5% used [0x00000000fa700000,0x00000000fab40020,0x00000000ff580000)
  to   space 79872K, 0% used [0x00000000f5900000,0x00000000f5900000,0x00000000fa700000)
 ParOldGen       total 213504K, used 118052K [0x00000000c0000000, 0x00000000cd080000, 0x00000000eab00000)
  object space 213504K, 55% used [0x00000000c0000000,0x00000000c7349150,0x00000000cd080000)
 Metaspace       used 93452K, capacity 99582K, committed 99840K, reserved 1136640K
  class space    used 11877K, capacity 13305K, committed 13312K, reserved 1048576K
Event: 4299.464 GC heap after
Heap after GC invocations=41 (full 4):
 PSYoungGen      total 258048K, used 16464K [0x00000000eab00000, 0x00000000ff580000, 0x0000000100000000)
  eden space 178176K, 0% used [0x00000000eab00000,0x00000000eab00000,0x00000000f5900000)
  from space 79872K, 20% used [0x00000000f5900000,0x00000000f6914080,0x00000000fa700000)
  to   space 74752K, 0% used [0x00000000fac80000,0x00000000fac80000,0x00000000ff580000)
 ParOldGen       total 213504K, used 118830K [0x00000000c0000000, 0x00000000cd080000, 0x00000000eab00000)
  object space 213504K, 55% used [0x00000000c0000000,0x00000000c740bb40,0x00000000cd080000)
 Metaspace       used 93452K, capacity 99582K, committed 99840K, reserved 1136640K
  class space    used 11877K, capacity 13305K, committed 13312K, reserved 1048576K
}

